Using pre-set license
Built from '2020.3/staging' branch; Version is '2020.3.3f1 (76626098c1c4) revision 7758432'; Using compiler version '192528614'; Build Type 'Release'
OS: 'Windows 10 Home; OS build 19042.1237; Version 2009; 64bit' Language: 'en' Physical Memory: 8000 MB
BatchMode: 1, IsHumanControllingUs: 0, StartBugReporterOnCrash: 0, Is64bit: 1, IsPro: 0

 COMMAND LINE ARGUMENTS:
C:\Program Files\Unity\Hub\Editor\2020.3.3f1\Editor\Unity.exe
-adb2
-batchMode
-noUpm
-name
AssetImportWorker0
-projectPath
C:/Users/turne/Documents/GitHub/RPG/RPG
-logFile
Logs/AssetImportWorker0.log
-srvPort
60730
Successfully changed project path to: C:/Users/turne/Documents/GitHub/RPG/RPG
C:/Users/turne/Documents/GitHub/RPG/RPG
Using Asset Import Pipeline V2.
Default GameObject BitMask: UI already registered

Refreshing native plugins compatible for Editor in 93.79 ms, found 0 plugins.
Preloading 0 native plugins for Editor in 0.00 ms.
Initialize engine version: 2020.3.3f1 (76626098c1c4)
[Subsystems] Discovering subsystems at path C:/Program Files/Unity/Hub/Editor/2020.3.3f1/Editor/Data/Resources/UnitySubsystems
[Subsystems] Discovering subsystems at path C:/Users/turne/Documents/GitHub/RPG/RPG/Assets
GfxDevice: creating device client; threaded=0
Direct3D:
    Version:  Direct3D 11.0 [level 11.1]
    Renderer: Intel(R) UHD Graphics 620 (ID=0x5917)
    Vendor:   
    VRAM:     4000 MB
    Driver:   27.20.100.8854
Initialize mono
Mono path[0] = 'C:/Program Files/Unity/Hub/Editor/2020.3.3f1/Editor/Data/Managed'
Mono path[1] = 'C:/Program Files/Unity/Hub/Editor/2020.3.3f1/Editor/Data/MonoBleedingEdge/lib/mono/unityjit'
Mono config path = 'C:/Program Files/Unity/Hub/Editor/2020.3.3f1/Editor/Data/MonoBleedingEdge/etc'
Using monoOptions --debugger-agent=transport=dt_socket,embedding=1,server=y,suspend=n,address=127.0.0.1:56972
Begin MonoManager ReloadAssembly
Registering precompiled unity dll's ...
Register platform support module: C:/Program Files/Unity/Hub/Editor/2020.3.3f1/Editor/Data/PlaybackEngines/WebGLSupport/UnityEditor.WebGL.Extensions.dll
Register platform support module: C:/Program Files/Unity/Hub/Editor/2020.3.3f1/Editor/Data/PlaybackEngines/WindowsStandaloneSupport/UnityEditor.WindowsStandalone.Extensions.dll
Registered in 0.008760 seconds.
Native extension for WindowsStandalone target not found
Native extension for WebGL target not found
Refreshing native plugins compatible for Editor in 80.36 ms, found 0 plugins.
Preloading 0 native plugins for Editor in 0.00 ms.
Invoked RoslynAnalysisRunner static constructor.
RoslynAnalysisRunner will not be running.
RoslynAnalysisRunner has terminated.
Mono: successfully reloaded assembly
- Completed reload, in  4.204 seconds
Platform modules already initialized, skipping
Registering precompiled user dll's ...
Registered in 0.007616 seconds.
Begin MonoManager ReloadAssembly
Native extension for WindowsStandalone target not found
Native extension for WebGL target not found
Refreshing native plugins compatible for Editor in 98.98 ms, found 0 plugins.
Preloading 0 native plugins for Editor in 0.00 ms.
Invoked RoslynAnalysisRunner static constructor.
RoslynAnalysisRunner will not be running.
RoslynAnalysisRunner has terminated.
Mono: successfully reloaded assembly
- Completed reload, in  2.944 seconds
Platform modules already initialized, skipping
========================================================================
Worker process is ready to serve import requests
Default GameObject BitMask: UI already registered

Launched and connected shader compiler UnityShaderCompiler.exe after 0.12 seconds
Refreshing native plugins compatible for Editor in 0.51 ms, found 0 plugins.
Preloading 0 native plugins for Editor in 0.00 ms.
Unloading 1407 Unused Serialized files (Serialized files now loaded: 0)
System memory in use before: 68.1 MB.
System memory in use after: 68.2 MB.

Unloading 16 unused Assets to reduce memory usage. Loaded Objects now: 1845.
Total: 5.246000 ms (FindLiveObjects: 0.486300 ms CreateObjectMapping: 0.143000 ms MarkObjects: 4.328800 ms  DeleteObjects: 0.284700 ms)

========================================================================
Received Import Request.
  path: Assets/Characters.png
  artifactKey: Guid(ac6ae028b7f71644d8194376f25a347b) Importer(815301076,1909f56bfc062723c751e8b465ee728b)
Start importing Assets/Characters.png using Guid(ac6ae028b7f71644d8194376f25a347b) Importer(815301076,1909f56bfc062723c751e8b465ee728b)  -> (artifact id: 'b62124ae738cedfa08d8e86a3fd4a48a') in 1.838644 seconds
  Import took 1.848214 seconds .

========================================================================
Received Import Request.
  Time since last request: 0.000549 seconds.
  path: Assets/background.png
  artifactKey: Guid(c4c12527df307e541a4aa33d08f59b86) Importer(815301076,1909f56bfc062723c751e8b465ee728b)
Start importing Assets/background.png using Guid(c4c12527df307e541a4aa33d08f59b86) Importer(815301076,1909f56bfc062723c751e8b465ee728b)  -> (artifact id: '81fbe74fe01e11a86af0f557e024b770') in 0.059592 seconds
  Import took 0.064674 seconds .

========================================================================
Received Import Request.
  Time since last request: 0.000461 seconds.
  path: Assets/Scenes/Menu.unity
  artifactKey: Guid(9fc0d4010bbf28b4594072e72b8655ab) Importer(815301076,1909f56bfc062723c751e8b465ee728b)
Start importing Assets/Scenes/Menu.unity using Guid(9fc0d4010bbf28b4594072e72b8655ab) Importer(815301076,1909f56bfc062723c751e8b465ee728b)  -> (artifact id: '08cccd62158bad2fb5f587ee9673a3f3') in 0.005682 seconds
  Import took 0.010436 seconds .

========================================================================
Received Prepare
Default GameObject BitMask: UI already registered

Refreshing native plugins compatible for Editor in 5.54 ms, found 0 plugins.
Preloading 0 native plugins for Editor in 0.00 ms.
Unloading 8 Unused Serialized files (Serialized files now loaded: 0)
System memory in use before: 43.0 MB.
System memory in use after: 43.0 MB.

Unloading 8 unused Assets to reduce memory usage. Loaded Objects now: 1959.
Total: 4.531300 ms (FindLiveObjects: 0.321700 ms CreateObjectMapping: 0.106900 ms MarkObjects: 3.977300 ms  DeleteObjects: 0.123100 ms)

========================================================================
Received Prepare
Default GameObject BitMask: UI already registered

Refreshing native plugins compatible for Editor in 3.04 ms, found 0 plugins.
Preloading 0 native plugins for Editor in 0.00 ms.
Unloading 8 Unused Serialized files (Serialized files now loaded: 0)
System memory in use before: 43.0 MB.
System memory in use after: 43.0 MB.

Unloading 8 unused Assets to reduce memory usage. Loaded Objects now: 1959.
Total: 37.493600 ms (FindLiveObjects: 0.698900 ms CreateObjectMapping: 0.135900 ms MarkObjects: 36.538200 ms  DeleteObjects: 0.115800 ms)

